# JRE version: Java(TM) SE Runtime Environment (20.0.2+9) (build 20.0.2+9-78)
# Java VM: Java HotSpot(TM) 64-Bit Server VM (20.0.2+9-78, mixed mode, sharing, tiered, compressed oops, compressed class ptrs, g1 gc, windows-amd64)
GC Precious Log:
 CardTable entry size: 512
 Card Set container configuration: InlinePtr #cards 5 size 8 Array Of Cards #cards 12 size 40 Howl #buckets 4 coarsen threshold 1843 Howl Bitmap #cards 512 size 80 coarsen threshold 460 Card regions per heap region 1 cards per card region 2048
 CPUs: 4 total, 4 available
 Memory: 4095M
 Large Page Support: Disabled
 NUMA Support: Disabled
 Compressed Oops: Enabled (32-bit)
 Heap Region Size: 1M
 Heap Min Capacity: 8M
 Heap Initial Capacity: 64M
 Heap Max Capacity: 1G
 Pre-touch: Disabled
 Parallel Workers: 4
 Concurrent Workers: 1
 Concurrent Refinement Workers: 4
 Periodic GC: Disabled
Heap:
 garbage-first heap   total 58368K, used 24084K [0x00000000c0000000, 0x0000000100000000)
  region size 1024K, 7 young (7168K), 0 survivors (0K)
 Metaspace       used 19576K, committed 20032K, reserved 1114112K
  class space    used 1766K, committed 1984K, reserved 1048576K
GC Heap History (20 events):
Event: 32283.329 GC heap after
{Heap after GC invocations=4011 (full 3998):
 garbage-first heap   total 58368K, used 17923K [0x00000000c0000000, 0x0000000100000000)
  region size 1024K, 0 young (0K), 0 survivors (0K)
 Metaspace       used 19576K, committed 20032K, reserved 1114112K
  class space    used 1766K, committed 1984K, reserved 1048576K
}
Event: 32291.532 GC heap before
{Heap before GC invocations=4011 (full 3998):
 garbage-first heap   total 58368K, used 24067K [0x00000000c0000000, 0x0000000100000000)
  region size 1024K, 7 young (7168K), 0 survivors (0K)
 Metaspace       used 19576K, committed 20032K, reserved 1114112K
  class space    used 1766K, committed 1984K, reserved 1048576K
}
Event: 32291.587 GC heap after
{Heap after GC invocations=4012 (full 3999):
 garbage-first heap   total 58368K, used 17923K [0x00000000c0000000, 0x0000000100000000)
  region size 1024K, 0 young (0K), 0 survivors (0K)
 Metaspace       used 19576K, committed 20032K, reserved 1114112K
  class space    used 1766K, committed 1984K, reserved 1048576K
}
Event: 32300.228 GC heap before
{Heap before GC invocations=4012 (full 3999):
 garbage-first heap   total 58368K, used 24067K [0x00000000c0000000, 0x0000000100000000)
  region size 1024K, 7 young (7168K), 0 survivors (0K)
 Metaspace       used 19576K, committed 20032K, reserved 1114112K
  class space    used 1766K, committed 1984K, reserved 1048576K
}
Event: 32300.302 GC heap after
{Heap after GC invocations=4013 (full 4000):
 garbage-first heap   total 58368K, used 17923K [0x00000000c0000000, 0x0000000100000000)
  region size 1024K, 0 young (0K), 0 survivors (0K)
 Metaspace       used 19576K, committed 20032K, reserved 1114112K
  class space    used 1766K, committed 1984K, reserved 1048576K
}
Event: 32309.233 GC heap before
{Heap before GC invocations=4013 (full 4000):
 garbage-first heap   total 58368K, used 24067K [0x00000000c0000000, 0x0000000100000000)
  region size 1024K, 8 young (8192K), 0 survivors (0K)
 Metaspace       used 19576K, committed 20032K, reserved 1114112K
  class space    used 1766K, committed 1984K, reserved 1048576K
}
Event: 32309.298 GC heap after
{Heap after GC invocations=4014 (full 4001):
 garbage-first heap   total 58368K, used 17923K [0x00000000c0000000, 0x0000000100000000)
  region size 1024K, 0 young (0K), 0 survivors (0K)
 Metaspace       used 19576K, committed 20032K, reserved 1114112K
  class space    used 1766K, committed 1984K, reserved 1048576K
}
Event: 32317.318 GC heap before
{Heap before GC invocations=4014 (full 4001):
 garbage-first heap   total 58368K, used 24067K [0x00000000c0000000, 0x0000000100000000)
  region size 1024K, 7 young (7168K), 0 survivors (0K)
 Metaspace       used 19576K, committed 20032K, reserved 1114112K
  class space    used 1766K, committed 1984K, reserved 1048576K
}
Event: 32317.390 GC heap after
{Heap after GC invocations=4015 (full 4002):
 garbage-first heap   total 58368K, used 17923K [0x00000000c0000000, 0x0000000100000000)
  region size 1024K, 0 young (0K), 0 survivors (0K)
 Metaspace       used 19576K, committed 20032K, reserved 1114112K
  class space    used 1766K, committed 1984K, reserved 1048576K
}
Event: 32325.979 GC heap before
{Heap before GC invocations=4015 (full 4002):
 garbage-first heap   total 58368K, used 24067K [0x00000000c0000000, 0x0000000100000000)
  region size 1024K, 7 young (7168K), 0 survivors (0K)
 Metaspace       used 19576K, committed 20032K, reserved 1114112K
  class space    used 1766K, committed 1984K, reserved 1048576K
}
Event: 32326.053 GC heap after
{Heap after GC invocations=4016 (full 4003):
 garbage-first heap   total 58368K, used 17923K [0x00000000c0000000, 0x0000000100000000)
  region size 1024K, 0 young (0K), 0 survivors (0K)
 Metaspace       used 19576K, committed 20032K, reserved 1114112K
  class space    used 1766K, committed 1984K, reserved 1048576K
}
Event: 32334.586 GC heap before
{Heap before GC invocations=4016 (full 4003):
 garbage-first heap   total 58368K, used 24067K [0x00000000c0000000, 0x0000000100000000)
  region size 1024K, 8 young (8192K), 0 survivors (0K)
 Metaspace       used 19576K, committed 20032K, reserved 1114112K
  class space    used 1766K, committed 1984K, reserved 1048576K
}
Event: 32334.632 GC heap after
{Heap after GC invocations=4017 (full 4004):
 garbage-first heap   total 58368K, used 17923K [0x00000000c0000000, 0x0000000100000000)
  region size 1024K, 0 young (0K), 0 survivors (0K)
 Metaspace       used 19576K, committed 20032K, reserved 1114112K
  class space    used 1766K, committed 1984K, reserved 1048576K
}
Event: 32342.649 GC heap before
{Heap before GC invocations=4017 (full 4004):
 garbage-first heap   total 58368K, used 23043K [0x00000000c0000000, 0x0000000100000000)
  region size 1024K, 6 young (6144K), 0 survivors (0K)
 Metaspace       used 19576K, committed 20032K, reserved 1114112K
  class space    used 1766K, committed 1984K, reserved 1048576K
}
Event: 32342.705 GC heap after
{Heap after GC invocations=4018 (full 4005):
 garbage-first heap   total 58368K, used 17923K [0x00000000c0000000, 0x0000000100000000)
  region size 1024K, 0 young (0K), 0 survivors (0K)
 Metaspace       used 19576K, committed 20032K, reserved 1114112K
  class space    used 1766K, committed 1984K, reserved 1048576K
}
Event: 32351.072 GC heap before
{Heap before GC invocations=4018 (full 4005):
 garbage-first heap   total 58368K, used 24067K [0x00000000c0000000, 0x0000000100000000)
  region size 1024K, 7 young (7168K), 0 survivors (0K)
 Metaspace       used 19576K, committed 20032K, reserved 1114112K
  class space    used 1766K, committed 1984K, reserved 1048576K
}
Event: 32351.135 GC heap after
{Heap after GC invocations=4019 (full 4006):
 garbage-first heap   total 58368K, used 17923K [0x00000000c0000000, 0x0000000100000000)
  region size 1024K, 0 young (0K), 0 survivors (0K)
 Metaspace       used 19576K, committed 20032K, reserved 1114112K
  class space    used 1766K, committed 1984K, reserved 1048576K
}
Event: 32360.066 GC heap before
{Heap before GC invocations=4019 (full 4006):
 garbage-first heap   total 58368K, used 24067K [0x00000000c0000000, 0x0000000100000000)
  region size 1024K, 8 young (8192K), 0 survivors (0K)
 Metaspace       used 19576K, committed 20032K, reserved 1114112K
  class space    used 1766K, committed 1984K, reserved 1048576K
}
Event: 32360.182 GC heap after
{Heap after GC invocations=4020 (full 4007):
 garbage-first heap   total 58368K, used 17940K [0x00000000c0000000, 0x0000000100000000)
  region size 1024K, 0 young (0K), 0 survivors (0K)
 Metaspace       used 19576K, committed 20032K, reserved 1114112K
  class space    used 1766K, committed 1984K, reserved 1048576K
}
Event: 32368.221 GC heap before
{Heap before GC invocations=4020 (full 4007):
 garbage-first heap   total 58368K, used 24084K [0x00000000c0000000, 0x0000000100000000)
  region size 1024K, 7 young (7168K), 0 survivors (0K)
 Metaspace       used 19576K, committed 20032K, reserved 1114112K
  class space    used 1766K, committed 1984K, reserved 1048576K
}

